<?xml version="1.0" encoding="UTF-8"?>
<!-- Generated by org.testng.reporters.JUnitReportReporter -->
<testsuite skipped="0" hostname="f0189833941d.ant.amazon.com" name="Chapters.Chapter03.ThirdChapterTests" tests="1" failures="0" timestamp="20 Jul 2019 19:20:48 GMT" time="1.308" errors="0">
  <testcase name="sendAPOSTRequestAndValidateTheResponseCode" time="1.308" classname="Chapters.Chapter03.ThirdChapterTests"/>
</testsuite> <!-- Chapters.Chapter03.ThirdChapterTests -->
